<?xml version="1.0" encoding="UTF-8"?>
<!-- Generated by org.testng.reporters.JUnitXMLReporter -->
<testsuite ignored="0" hostname="LTIN204636" failures="3" tests="3" name="TestOnEdge" time="6.418" errors="0" timestamp="2024-02-13T10:10:54 IST">
  <testcase classname="io.cucumber.testng.AbstractTestNGCucumberTests" name="runScenario" time="0.831">
    <failure type="java.lang.NullPointerException" message="Cannot invoke &amp;quot;org.openqa.selenium.WebDriver.manage()&amp;quot; because &amp;quot;StepDefination.LoginStepDefination.driver&amp;quot; is null">
      <![CDATA[java.lang.NullPointerException: Cannot invoke "org.openqa.selenium.WebDriver.manage()" because "StepDefination.LoginStepDefination.driver" is null
at StepDefination.LoginStepDefination.verify_the_title_of_the_be_cognizant_portal(LoginStepDefination.java:59)
at ✽.verify the title of the be cognizant portal(file:///C:/Users/2303728/eclipse-workspace/CAS_WorldClock/src/test/resources/Features/Feature.feature:27)
]]>
    </failure>
  </testcase> <!-- runScenario -->
  <testcase classname="io.cucumber.testng.AbstractTestNGCucumberTests" name="runScenario" time="0.053">
    <failure type="java.lang.NullPointerException" message="Cannot invoke &amp;quot;org.openqa.selenium.JavascriptExecutor.executeScript(String, Object[])&amp;quot; because &amp;quot;js&amp;quot; is null">
      <![CDATA[java.lang.NullPointerException: Cannot invoke "org.openqa.selenium.JavascriptExecutor.executeScript(String, Object[])" because "js" is null
at PageObjects.WorldClockPage.scrolldown(WorldClockPage.java:139)
at StepDefination.WorldClockStepDefination.user_scrolls_till_end_of_page(WorldClockStepDefination.java:37)
at ✽.user scrolls till end of page(file:///C:/Users/2303728/eclipse-workspace/CAS_WorldClock/src/test/resources/Features/Feature.feature:35)
]]>
    </failure>
  </testcase> <!-- runScenario -->
  <testcase classname="io.cucumber.testng.AbstractTestNGCucumberTests" name="runScenario" time="0.031">
    <failure type="java.lang.NullPointerException" message="Cannot invoke &amp;quot;org.openqa.selenium.JavascriptExecutor.executeScript(String, Object[])&amp;quot; because &amp;quot;js&amp;quot; is null">
      <![CDATA[java.lang.NullPointerException: Cannot invoke "org.openqa.selenium.JavascriptExecutor.executeScript(String, Object[])" because "js" is null
at PageObjects.WorldClockPage.scrollup(WorldClockPage.java:186)
at StepDefination.OneCognizantStepDefination.user_scrolls_to_one_cognizant_button(OneCognizantStepDefination.java:31)
at ✽.user scrolls to One Cognizant button(file:///C:/Users/2303728/eclipse-workspace/CAS_WorldClock/src/test/resources/Features/Feature.feature:49)
]]>
    </failure>
  </testcase> <!-- runScenario -->
</testsuite> <!-- TestOnEdge -->
