<?xml version="1.0" encoding="UTF-8"?>
<testng-results ignored="0" total="16" passed="16" failed="0" skipped="0">
  <reporter-output>
  </reporter-output>
  <suite started-at="2024-03-07T22:33:35 IST" name="Default suite" finished-at="2024-03-07T22:48:12 IST" duration-ms="877184">
    <groups>
      <group name="cucumber">
        <method signature="AbstractTestNGCucumberTests.runScenario(io.cucumber.testng.PickleWrapper,io.cucumber.testng.FeatureWrapper)[pri:0, instance:TestRunner.testRunnerTestNG@41a0aa7d]" name="runScenario" class="io.cucumber.testng.AbstractTestNGCucumberTests"/>
      </group> <!-- cucumber -->
    </groups>
    <test started-at="2024-03-07T22:33:35 IST" name="Default test" finished-at="2024-03-07T22:48:12 IST" duration-ms="877184">
      <class name="TestRunner.testRunnerTestNG">
        <test-method is-config="true" signature="setUpClass(org.testng.ITestContext)[pri:0, instance:TestRunner.testRunnerTestNG@41a0aa7d]" started-at="2024-03-07T22:33:35 IST" name="setUpClass" finished-at="2024-03-07T22:33:38 IST" duration-ms="2373" status="PASS">
          <params>
            <param index="0">
              <value>
                <![CDATA[org.testng.TestRunner@57a0f6a2]]>
              </value>
            </param>
          </params>
          <reporter-output>
          </reporter-output>
        </test-method> <!-- setUpClass -->
        <test-method signature="runScenario(io.cucumber.testng.PickleWrapper,io.cucumber.testng.FeatureWrapper)[pri:0, instance:TestRunner.testRunnerTestNG@41a0aa7d]" started-at="2024-03-07T22:33:38 IST" name="runScenario" description="Runs Cucumber Scenarios" data-provider="scenarios" finished-at="2024-03-07T22:37:03 IST" duration-ms="205313" status="PASS">
          <params>
            <param index="0">
              <value>
                <![CDATA["Zigwheels Web app functionalities"]]>
              </value>
            </param>
            <param index="1">
              <value>
                <![CDATA["ZigWheels End To End"]]>
              </value>
            </param>
          </params>
          <reporter-output>
          </reporter-output>
        </test-method> <!-- runScenario -->
        <test-method signature="runScenario(io.cucumber.testng.PickleWrapper,io.cucumber.testng.FeatureWrapper)[pri:0, instance:TestRunner.testRunnerTestNG@41a0aa7d]" started-at="2024-03-07T22:37:03 IST" name="runScenario" description="Runs Cucumber Scenarios" data-provider="scenarios" finished-at="2024-03-07T22:37:42 IST" duration-ms="38655" status="PASS">
          <params>
            <param index="0">
              <value>
                <![CDATA["Google login with Invalid mail"]]>
              </value>
            </param>
            <param index="1">
              <value>
                <![CDATA["ZigWheels End To End"]]>
              </value>
            </param>
          </params>
          <reporter-output>
          </reporter-output>
        </test-method> <!-- runScenario -->
        <test-method signature="runScenario(io.cucumber.testng.PickleWrapper,io.cucumber.testng.FeatureWrapper)[pri:0, instance:TestRunner.testRunnerTestNG@41a0aa7d]" started-at="2024-03-07T22:37:42 IST" name="runScenario" description="Runs Cucumber Scenarios" data-provider="scenarios" finished-at="2024-03-07T22:38:21 IST" duration-ms="39540" status="PASS">
          <params>
            <param index="0">
              <value>
                <![CDATA["Google login with Valid mail"]]>
              </value>
            </param>
            <param index="1">
              <value>
                <![CDATA["ZigWheels End To End"]]>
              </value>
            </param>
          </params>
          <reporter-output>
          </reporter-output>
        </test-method> <!-- runScenario -->
        <test-method signature="runScenario(io.cucumber.testng.PickleWrapper,io.cucumber.testng.FeatureWrapper)[pri:0, instance:TestRunner.testRunnerTestNG@41a0aa7d]" started-at="2024-03-07T22:38:21 IST" name="runScenario" description="Runs Cucumber Scenarios" data-provider="scenarios" finished-at="2024-03-07T22:39:05 IST" duration-ms="43678" status="PASS">
          <params>
            <param index="0">
              <value>
                <![CDATA["Facebook login Validations"]]>
              </value>
            </param>
            <param index="1">
              <value>
                <![CDATA["ZigWheels End To End"]]>
              </value>
            </param>
          </params>
          <reporter-output>
          </reporter-output>
        </test-method> <!-- runScenario -->
        <test-method signature="runScenario(io.cucumber.testng.PickleWrapper,io.cucumber.testng.FeatureWrapper)[pri:0, instance:TestRunner.testRunnerTestNG@41a0aa7d]" started-at="2024-03-07T22:39:05 IST" name="runScenario" description="Runs Cucumber Scenarios" data-provider="scenarios" finished-at="2024-03-07T22:39:51 IST" duration-ms="46487" status="PASS">
          <params>
            <param index="0">
              <value>
                <![CDATA["Facebook login Validations"]]>
              </value>
            </param>
            <param index="1">
              <value>
                <![CDATA["ZigWheels End To End"]]>
              </value>
            </param>
          </params>
          <reporter-output>
          </reporter-output>
        </test-method> <!-- runScenario -->
        <test-method signature="runScenario(io.cucumber.testng.PickleWrapper,io.cucumber.testng.FeatureWrapper)[pri:0, instance:TestRunner.testRunnerTestNG@41a0aa7d]" started-at="2024-03-07T22:39:51 IST" name="runScenario" description="Runs Cucumber Scenarios" data-provider="scenarios" finished-at="2024-03-07T22:40:25 IST" duration-ms="33909" status="PASS">
          <params>
            <param index="0">
              <value>
                <![CDATA["used car and search bar Hover validation"]]>
              </value>
            </param>
            <param index="1">
              <value>
                <![CDATA["ZigWheels Regressions"]]>
              </value>
            </param>
          </params>
          <reporter-output>
          </reporter-output>
        </test-method> <!-- runScenario -->
        <test-method signature="runScenario(io.cucumber.testng.PickleWrapper,io.cucumber.testng.FeatureWrapper)[pri:0, instance:TestRunner.testRunnerTestNG@41a0aa7d]" started-at="2024-03-07T22:40:25 IST" name="runScenario" description="Runs Cucumber Scenarios" data-provider="scenarios" finished-at="2024-03-07T22:41:06 IST" duration-ms="41328" status="PASS">
          <params>
            <param index="0">
              <value>
                <![CDATA["Displays Bikes by Applying displcement filter"]]>
              </value>
            </param>
            <param index="1">
              <value>
                <![CDATA["ZigWheels Regressions"]]>
              </value>
            </param>
          </params>
          <reporter-output>
          </reporter-output>
        </test-method> <!-- runScenario -->
        <test-method signature="runScenario(io.cucumber.testng.PickleWrapper,io.cucumber.testng.FeatureWrapper)[pri:0, instance:TestRunner.testRunnerTestNG@41a0aa7d]" started-at="2024-03-07T22:41:06 IST" name="runScenario" description="Runs Cucumber Scenarios" data-provider="scenarios" finished-at="2024-03-07T22:41:47 IST" duration-ms="40589" status="PASS">
          <params>
            <param index="0">
              <value>
                <![CDATA["Validations of New Cars Fuel Type Filter"]]>
              </value>
            </param>
            <param index="1">
              <value>
                <![CDATA["ZigWheels Regressions"]]>
              </value>
            </param>
          </params>
          <reporter-output>
          </reporter-output>
        </test-method> <!-- runScenario -->
        <test-method signature="runScenario(io.cucumber.testng.PickleWrapper,io.cucumber.testng.FeatureWrapper)[pri:0, instance:TestRunner.testRunnerTestNG@41a0aa7d]" started-at="2024-03-07T22:41:47 IST" name="runScenario" description="Runs Cucumber Scenarios" data-provider="scenarios" finished-at="2024-03-07T22:42:23 IST" duration-ms="36316" status="PASS">
          <params>
            <param index="0">
              <value>
                <![CDATA["Validation of Cardekho Webpage"]]>
              </value>
            </param>
            <param index="1">
              <value>
                <![CDATA["ZigWheels Regressions"]]>
              </value>
            </param>
          </params>
          <reporter-output>
          </reporter-output>
        </test-method> <!-- runScenario -->
        <test-method signature="runScenario(io.cucumber.testng.PickleWrapper,io.cucumber.testng.FeatureWrapper)[pri:0, instance:TestRunner.testRunnerTestNG@41a0aa7d]" started-at="2024-03-07T22:42:23 IST" name="runScenario" description="Runs Cucumber Scenarios" data-provider="scenarios" finished-at="2024-03-07T22:43:01 IST" duration-ms="38070" status="PASS">
          <params>
            <param index="0">
              <value>
                <![CDATA["Validate Login using Google option with valid email"]]>
              </value>
            </param>
            <param index="1">
              <value>
                <![CDATA["ZigWheels Regressions"]]>
              </value>
            </param>
          </params>
          <reporter-output>
          </reporter-output>
        </test-method> <!-- runScenario -->
        <test-method signature="runScenario(io.cucumber.testng.PickleWrapper,io.cucumber.testng.FeatureWrapper)[pri:0, instance:TestRunner.testRunnerTestNG@41a0aa7d]" started-at="2024-03-07T22:43:01 IST" name="runScenario" description="Runs Cucumber Scenarios" data-provider="scenarios" finished-at="2024-03-07T22:43:43 IST" duration-ms="41554" status="PASS">
          <params>
            <param index="0">
              <value>
                <![CDATA["validate Login using Facebook with Invalid credentials"]]>
              </value>
            </param>
            <param index="1">
              <value>
                <![CDATA["ZigWheels Regressions"]]>
              </value>
            </param>
          </params>
          <reporter-output>
          </reporter-output>
        </test-method> <!-- runScenario -->
        <test-method signature="runScenario(io.cucumber.testng.PickleWrapper,io.cucumber.testng.FeatureWrapper)[pri:0, instance:TestRunner.testRunnerTestNG@41a0aa7d]" started-at="2024-03-07T22:43:43 IST" name="runScenario" description="Runs Cucumber Scenarios" data-provider="scenarios" finished-at="2024-03-07T22:44:28 IST" duration-ms="44614" status="PASS">
          <params>
            <param index="0">
              <value>
                <![CDATA["validate Login using Facebook with Invalid credentials"]]>
              </value>
            </param>
            <param index="1">
              <value>
                <![CDATA["ZigWheels Regressions"]]>
              </value>
            </param>
          </params>
          <reporter-output>
          </reporter-output>
        </test-method> <!-- runScenario -->
        <test-method signature="runScenario(io.cucumber.testng.PickleWrapper,io.cucumber.testng.FeatureWrapper)[pri:0, instance:TestRunner.testRunnerTestNG@41a0aa7d]" started-at="2024-03-07T22:44:28 IST" name="runScenario" description="Runs Cucumber Scenarios" data-provider="scenarios" finished-at="2024-03-07T22:45:04 IST" duration-ms="36395" status="PASS">
          <params>
            <param index="0">
              <value>
                <![CDATA["Fundamental Elements Validation"]]>
              </value>
            </param>
            <param index="1">
              <value>
                <![CDATA["ZigWheels smokes"]]>
              </value>
            </param>
          </params>
          <reporter-output>
          </reporter-output>
        </test-method> <!-- runScenario -->
        <test-method signature="runScenario(io.cucumber.testng.PickleWrapper,io.cucumber.testng.FeatureWrapper)[pri:0, instance:TestRunner.testRunnerTestNG@41a0aa7d]" started-at="2024-03-07T22:45:04 IST" name="runScenario" description="Runs Cucumber Scenarios" data-provider="scenarios" finished-at="2024-03-07T22:45:48 IST" duration-ms="44279" status="PASS">
          <params>
            <param index="0">
              <value>
                <![CDATA["Varification of NewBikes DropDown"]]>
              </value>
            </param>
            <param index="1">
              <value>
                <![CDATA["ZigWheels smokes"]]>
              </value>
            </param>
          </params>
          <reporter-output>
          </reporter-output>
        </test-method> <!-- runScenario -->
        <test-method signature="runScenario(io.cucumber.testng.PickleWrapper,io.cucumber.testng.FeatureWrapper)[pri:0, instance:TestRunner.testRunnerTestNG@41a0aa7d]" started-at="2024-03-07T22:45:48 IST" name="runScenario" description="Runs Cucumber Scenarios" data-provider="scenarios" finished-at="2024-03-07T22:47:16 IST" duration-ms="87795" status="PASS">
          <params>
            <param index="0">
              <value>
                <![CDATA["Displays used Cars in perticular location"]]>
              </value>
            </param>
            <param index="1">
              <value>
                <![CDATA["ZigWheels smokes"]]>
              </value>
            </param>
          </params>
          <reporter-output>
          </reporter-output>
        </test-method> <!-- runScenario -->
        <test-method signature="runScenario(io.cucumber.testng.PickleWrapper,io.cucumber.testng.FeatureWrapper)[pri:0, instance:TestRunner.testRunnerTestNG@41a0aa7d]" started-at="2024-03-07T22:47:16 IST" name="runScenario" description="Runs Cucumber Scenarios" data-provider="scenarios" finished-at="2024-03-07T22:47:53 IST" duration-ms="37149" status="PASS">
          <params>
            <param index="0">
              <value>
                <![CDATA["Validate Login using Google option with invalid credential"]]>
              </value>
            </param>
            <param index="1">
              <value>
                <![CDATA["ZigWheels smokes"]]>
              </value>
            </param>
          </params>
          <reporter-output>
          </reporter-output>
        </test-method> <!-- runScenario -->
        <test-method is-config="true" signature="tearDownClass()[pri:0, instance:TestRunner.testRunnerTestNG@41a0aa7d]" started-at="2024-03-07T22:47:53 IST" name="tearDownClass" finished-at="2024-03-07T22:48:12 IST" duration-ms="18999" status="PASS">
          <reporter-output>
          </reporter-output>
        </test-method> <!-- tearDownClass -->
      </class> <!-- TestRunner.testRunnerTestNG -->
    </test> <!-- Default test -->
  </suite> <!-- Default suite -->
</testng-results>
